<?xml version="1.0" encoding="UTF-8"?>
<!-- Generated by org.testng.reporters.JUnitReportReporter -->
<testsuite hostname="DESKTOP-OJSOD2V" failures="0" tests="1" name="testRunner.TestRunner" time="56.712" errors="0" timestamp="2025-07-29T23:23:06 IST" skipped="0">
  <testcase classname="testRunner.TestRunner" name="runScenario" time="56.712"/>
</testsuite> <!-- testRunner.TestRunner -->
